   1               		.file	"lcd44780.c"
   2               	__SREG__ = 0x3f
   3               	__SP_H__ = 0x3e
   4               	__SP_L__ = 0x3d
   5               	__CCP__  = 0x34
   6               	__tmp_reg__ = 0
   7               	__zero_reg__ = 1
  15               	.Ltext0:
  17               	lcd_sendHalf:
  18               	.LFB8:
  19               	.LM1:
  20               	.LVL0:
  21               	/* prologue: function */
  22               	/* frame size = 0 */
  23               	.LM2:
  24 0000 80FF      		sbrs r24,0
  25 0002 00C0      		rjmp .L2
  26               	.LVL1:
  27 0004 979A      		sbi 50-32,7
  28 0006 00C0      		rjmp .L3
  29               	.L2:
  30 0008 9798      		cbi 50-32,7
  31               	.L3:
  32               	.LM3:
  33 000a 81FF      		sbrs r24,1
  34 000c 00C0      		rjmp .L4
  35 000e 969A      		sbi 50-32,6
  36 0010 00C0      		rjmp .L5
  37               	.L4:
  38 0012 9698      		cbi 50-32,6
  39               	.L5:
  40               	.LM4:
  41 0014 82FF      		sbrs r24,2
  42 0016 00C0      		rjmp .L6
  43 0018 959A      		sbi 50-32,5
  44 001a 00C0      		rjmp .L7
  45               	.L6:
  46 001c 9598      		cbi 50-32,5
  47               	.L7:
  48               	.LM5:
  49 001e 83FF      		sbrs r24,3
  50 0020 00C0      		rjmp .L8
  51 0022 949A      		sbi 50-32,4
  52 0024 0895      		ret
  53               	.L8:
  54 0026 9498      		cbi 50-32,4
  55 0028 0895      		ret
  56               	.LFE8:
  59               	lcd_readHalf:
  60               	.LFB9:
  61               	.LM6:
  62               	/* prologue: function */
  63               	/* frame size = 0 */
  64               	.LM7:
  65 002a 80B3      		in r24,48-32
  66               	.LVL2:
  67 002c 881F      		rol r24
  68 002e 8827      		clr r24
  69 0030 881F      		rol r24
  70               	.LM8:
  71 0032 8699      		sbic 48-32,6
  72 0034 8260      		ori r24,lo8(2)
  73               	.L13:
  74               	.LM9:
  75 0036 8599      		sbic 48-32,5
  76 0038 8460      		ori r24,lo8(4)
  77               	.L14:
  78               	.LM10:
  79 003a 8499      		sbic 48-32,4
  80 003c 8860      		ori r24,lo8(8)
  81               	.L15:
  82               	.LVL3:
  83               	.LM11:
  84 003e 0895      		ret
  85               	.LFE9:
  87               	.global	_lcd_read_byte
  89               	_lcd_read_byte:
  90               	.LFB11:
  91               	.LM12:
  92 0040 1F93      		push r17
  93               	/* prologue: function */
  94               	/* frame size = 0 */
  95               	.LBB62:
  96               	.LBB63:
  97               	.LM13:
  98 0042 8C98      		cbi 49-32,4
  99               	.LM14:
 100 0044 8D98      		cbi 49-32,5
 101               	.LM15:
 102 0046 8E98      		cbi 49-32,6
 103               	.LM16:
 104 0048 8F98      		cbi 49-32,7
 105               	.LBE63:
 106               	.LBE62:
 107               	.LM17:
 108 004a C19A      		sbi 56-32,1
 109               	.LM18:
 110 004c C09A      		sbi 56-32,0
 111               	.LM19:
 112 004e 00D0      		rcall lcd_readHalf
 113 0050 182F      		mov r17,r24
 114               	.LVL4:
 115 0052 1295      		swap r17
 116 0054 107F      		andi r17,lo8(-16)
 117               	.LM20:
 118 0056 C098      		cbi 56-32,0
 119               	.LM21:
 120 0058 C09A      		sbi 56-32,0
 121               	.LM22:
 122 005a 00D0      		rcall lcd_readHalf
 123               	.LM23:
 124 005c C098      		cbi 56-32,0
 125               	.LM24:
 126 005e 812B      		or r24,r17
 127               	/* epilogue start */
 128 0060 1F91      		pop r17
 129               	.LVL5:
 130 0062 0895      		ret
 131               	.LFE11:
 133               	.global	check_BF
 135               	check_BF:
 136               	.LFB12:
 137               	.LM25:
 138               	/* prologue: function */
 139               	/* frame size = 0 */
 140               	.LM26:
 141 0064 C298      		cbi 56-32,2
 142               	.LM27:
 143 0066 00D0      		rcall _lcd_read_byte
 144               	/* epilogue start */
 145               	.LM28:
 146 0068 0895      		ret
 147               	.LFE12:
 149               	.global	_lcd_write_byte
 151               	_lcd_write_byte:
 152               	.LFB10:
 153               	.LM29:
 154               	.LVL6:
 155 006a 1F93      		push r17
 156               	/* prologue: function */
 157               	/* frame size = 0 */
 158 006c 182F      		mov r17,r24
 159               	.LBB64:
 160               	.LBB65:
 161               	.LM30:
 162 006e 8C9A      		sbi 49-32,4
 163               	.LM31:
 164 0070 8D9A      		sbi 49-32,5
 165               	.LM32:
 166 0072 8E9A      		sbi 49-32,6
 167               	.LM33:
 168 0074 8F9A      		sbi 49-32,7
 169               	.LBE65:
 170               	.LBE64:
 171               	.LM34:
 172 0076 C198      		cbi 56-32,1
 173               	.LM35:
 174 0078 C09A      		sbi 56-32,0
 175               	.LM36:
 176 007a 8295      		swap r24
 177               	.LVL7:
 178 007c 8F70      		andi r24,lo8(15)
 179 007e 00D0      		rcall lcd_sendHalf
 180               	.LM37:
 181 0080 C098      		cbi 56-32,0
 182               	.LM38:
 183 0082 C09A      		sbi 56-32,0
 184               	.LM39:
 185 0084 812F      		mov r24,r17
 186 0086 00D0      		rcall lcd_sendHalf
 187               	.LM40:
 188 0088 C098      		cbi 56-32,0
 189               	.L22:
 190               	.LM41:
 191 008a 00D0      		rcall check_BF
 192 008c 87FD      		sbrc r24,7
 193 008e 00C0      		rjmp .L22
 194               	/* epilogue start */
 195               	.LM42:
 196 0090 1F91      		pop r17
 197               	.LVL8:
 198 0092 0895      		ret
 199               	.LFE10:
 201               	.global	lcd_write_cmd
 203               	lcd_write_cmd:
 204               	.LFB13:
 205               	.LM43:
 206               	.LVL9:
 207               	/* prologue: function */
 208               	/* frame size = 0 */
 209               	.LM44:
 210 0094 C298      		cbi 56-32,2
 211               	.LM45:
 212 0096 00D0      		rcall _lcd_write_byte
 213               	.LVL10:
 214               	/* epilogue start */
 215               	.LM46:
 216 0098 0895      		ret
 217               	.LFE13:
 219               	.global	lcd_write_data
 221               	lcd_write_data:
 222               	.LFB14:
 223               	.LM47:
 224               	.LVL11:
 225               	/* prologue: function */
 226               	/* frame size = 0 */
 227               	.LM48:
 228 009a C29A      		sbi 56-32,2
 229               	.LM49:
 230 009c 00D0      		rcall _lcd_write_byte
 231               	.LVL12:
 232               	/* epilogue start */
 233               	.LM50:
 234 009e 0895      		ret
 235               	.LFE14:
 237               	.global	lcd_char
 239               	lcd_char:
 240               	.LFB15:
 241               	.LM51:
 242               	.LVL13:
 243               	/* prologue: function */
 244               	/* frame size = 0 */
 245 00a0 982F      		mov r25,r24
 246               	.LM52:
 247 00a2 8058      		subi r24,lo8(-(-128))
 248               	.LVL14:
 249 00a4 8830      		cpi r24,lo8(8)
 250 00a6 00F4      		brsh .L30
 251 00a8 9770      		andi r25,lo8(7)
 252               	.L30:
 253 00aa 892F      		mov r24,r25
 254 00ac 00D0      		rcall lcd_write_data
 255               	.LVL15:
 256               	/* epilogue start */
 257               	.LM53:
 258 00ae 0895      		ret
 259               	.LFE15:
 261               	.global	lcd_str
 263               	lcd_str:
 264               	.LFB16:
 265               	.LM54:
 266               	.LVL16:
 267 00b0 CF93      		push r28
 268 00b2 DF93      		push r29
 269               	/* prologue: function */
 270               	/* frame size = 0 */
 271 00b4 EC01      		movw r28,r24
 272 00b6 00C0      		rjmp .L33
 273               	.LVL17:
 274               	.L35:
 275               	.LM55:
 276 00b8 892F      		mov r24,r25
 277 00ba 8058      		subi r24,lo8(-(-128))
 278 00bc 8830      		cpi r24,lo8(8)
 279 00be 00F4      		brsh .L34
 280 00c0 9770      		andi r25,lo8(7)
 281               	.L34:
 282 00c2 892F      		mov r24,r25
 283 00c4 00D0      		rcall lcd_write_data
 284               	.LVL18:
 285               	.L33:
 286               	.LM56:
 287 00c6 9991      		ld r25,Y+
 288               	.LVL19:
 289 00c8 9923      		tst r25
 290 00ca 01F4      		brne .L35
 291               	/* epilogue start */
 292               	.LM57:
 293 00cc DF91      		pop r29
 294 00ce CF91      		pop r28
 295               	.LVL20:
 296 00d0 0895      		ret
 297               	.LFE16:
 299               	.global	lcd_str_P
 301               	lcd_str_P:
 302               	.LFB17:
 303               	.LM58:
 304               	.LVL21:
 305 00d2 CF93      		push r28
 306 00d4 DF93      		push r29
 307               	/* prologue: function */
 308               	/* frame size = 0 */
 309 00d6 EC01      		movw r28,r24
 310 00d8 00C0      		rjmp .L38
 311               	.LVL22:
 312               	.L41:
 313               	.LM59:
 314 00da 892F      		mov r24,r25
 315 00dc 8058      		subi r24,lo8(-(-128))
 316 00de 8830      		cpi r24,lo8(8)
 317 00e0 00F0      		brlo .L39
 318 00e2 892F      		mov r24,r25
 319               	.LVL23:
 320 00e4 00C0      		rjmp .L40
 321               	.LVL24:
 322               	.L39:
 323 00e6 892F      		mov r24,r25
 324               	.LVL25:
 325 00e8 8770      		andi r24,lo8(7)
 326               	.L40:
 327 00ea 00D0      		rcall lcd_write_data
 328               	.LVL26:
 329               	.L38:
 330 00ec FE01      		movw r30,r28
 331               	.LVL27:
 332               	.LBB66:
 333               	.LM60:
 334 00ee 2196      		adiw r28,1
 335               	/* #APP */
 336               	 ;  238 "LCD\lcd44780.c" 1
 337 00f0 9491      		lpm r25, Z
 338               		
 339               	 ;  0 "" 2
 340               	.LVL28:
 341               	/* #NOAPP */
 342               	.LBE66:
 343 00f2 9923      		tst r25
 344 00f4 01F4      		brne .L41
 345               	/* epilogue start */
 346               	.LM61:
 347 00f6 DF91      		pop r29
 348 00f8 CF91      		pop r28
 349               	.LVL29:
 350 00fa 0895      		ret
 351               	.LFE17:
 353               	.global	lcd_defchar
 355               	lcd_defchar:
 356               	.LFB20:
 357               	.LM62:
 358               	.LVL30:
 359 00fc 1F93      		push r17
 360 00fe CF93      		push r28
 361 0100 DF93      		push r29
 362               	/* prologue: function */
 363               	/* frame size = 0 */
 364 0102 EB01      		movw r28,r22
 365               	.LM63:
 366 0104 90E0      		ldi r25,lo8(0)
 367               	.LVL31:
 368 0106 8770      		andi r24,lo8(7)
 369 0108 9070      		andi r25,hi8(7)
 370               	.LVL32:
 371 010a 0896      		adiw r24,8
 372               	.LVL33:
 373 010c 880F      		lsl r24
 374 010e 880F      		lsl r24
 375 0110 880F      		lsl r24
 376               	.LVL34:
 377 0112 00D0      		rcall lcd_write_cmd
 378               	.LVL35:
 379 0114 10E0      		ldi r17,lo8(0)
 380               	.LVL36:
 381               	.L44:
 382               	.LM64:
 383 0116 8991      		ld r24,Y+
 384 0118 00D0      		rcall lcd_write_data
 385               	.LM65:
 386 011a 1F5F      		subi r17,lo8(-(1))
 387 011c 1830      		cpi r17,lo8(8)
 388 011e 01F4      		brne .L44
 389               	/* epilogue start */
 390               	.LM66:
 391 0120 DF91      		pop r29
 392 0122 CF91      		pop r28
 393               	.LVL37:
 394 0124 1F91      		pop r17
 395               	.LVL38:
 396 0126 0895      		ret
 397               	.LFE20:
 399               	.global	lcd_defchar_P
 401               	lcd_defchar_P:
 402               	.LFB21:
 403               	.LM67:
 404               	.LVL39:
 405 0128 0F93      		push r16
 406 012a 1F93      		push r17
 407 012c CF93      		push r28
 408 012e DF93      		push r29
 409               	/* prologue: function */
 410               	/* frame size = 0 */
 411 0130 8B01      		movw r16,r22
 412               	.LM68:
 413 0132 90E0      		ldi r25,lo8(0)
 414               	.LVL40:
 415 0134 8770      		andi r24,lo8(7)
 416 0136 9070      		andi r25,hi8(7)
 417               	.LVL41:
 418 0138 0896      		adiw r24,8
 419               	.LVL42:
 420 013a 880F      		lsl r24
 421 013c 880F      		lsl r24
 422 013e 880F      		lsl r24
 423               	.LVL43:
 424 0140 00D0      		rcall lcd_write_cmd
 425               	.LVL44:
 426 0142 C0E0      		ldi r28,lo8(0)
 427 0144 D0E0      		ldi r29,hi8(0)
 428               	.L48:
 429               	.LBB67:
 430               	.LM69:
 431 0146 F801      		movw r30,r16
 432 0148 EC0F      		add r30,r28
 433 014a FD1F      		adc r31,r29
 434               	/* #APP */
 435               	 ;  330 "LCD\lcd44780.c" 1
 436 014c E491      		lpm r30, Z
 437               		
 438               	 ;  0 "" 2
 439               	.LVL45:
 440               	/* #NOAPP */
 441               	.LBE67:
 442               	.LM70:
 443 014e 8E2F      		mov r24,r30
 444 0150 00D0      		rcall lcd_write_data
 445               	.LVL46:
 446 0152 2196      		adiw r28,1
 447               	.LM71:
 448 0154 C830      		cpi r28,8
 449 0156 D105      		cpc r29,__zero_reg__
 450 0158 01F4      		brne .L48
 451               	/* epilogue start */
 452               	.LM72:
 453 015a DF91      		pop r29
 454 015c CF91      		pop r28
 455 015e 1F91      		pop r17
 456 0160 0F91      		pop r16
 457               	.LVL47:
 458 0162 0895      		ret
 459               	.LFE21:
 461               	.global	lcd_locate
 463               	lcd_locate:
 464               	.LFB23:
 465               	.LM73:
 466               	.LVL48:
 467               	/* prologue: function */
 468               	/* frame size = 0 */
 469               	.LM74:
 470 0164 8230      		cpi r24,lo8(2)
 471 0166 01F0      		breq .L54
 472 0168 8330      		cpi r24,lo8(3)
 473 016a 01F0      		breq .L55
 474 016c 8130      		cpi r24,lo8(1)
 475 016e 01F4      		brne .L52
 476 0170 80E4      		ldi r24,lo8(64)
 477               	.LVL49:
 478 0172 00C0      		rjmp .L52
 479               	.L54:
 480               	.LM75:
 481 0174 80E1      		ldi r24,lo8(16)
 482               	.LVL50:
 483 0176 00C0      		rjmp .L52
 484               	.L55:
 485               	.LM76:
 486 0178 80E5      		ldi r24,lo8(80)
 487               	.LVL51:
 488               	.L52:
 489               	.LM77:
 490 017a 6058      		subi r22,lo8(-(-128))
 491               	.LVL52:
 492 017c 860F      		add r24,r22
 493               	.LVL53:
 494 017e 00D0      		rcall lcd_write_cmd
 495               	.LVL54:
 496               	/* epilogue start */
 497               	.LM78:
 498 0180 0895      		ret
 499               	.LFE23:
 501               	.global	lcd_cls
 503               	lcd_cls:
 504               	.LFB24:
 505               	.LM79:
 506               	/* prologue: function */
 507               	/* frame size = 0 */
 508               	.LM80:
 509 0182 81E0      		ldi r24,lo8(1)
 510 0184 00D0      		rcall lcd_write_cmd
 511               	/* epilogue start */
 512               	.LM81:
 513 0186 0895      		ret
 514               	.LFE24:
 516               	.global	lcd_init
 518               	lcd_init:
 519               	.LFB25:
 520               	.LM82:
 521 0188 0F93      		push r16
 522 018a 1F93      		push r17
 523               	/* prologue: function */
 524               	/* frame size = 0 */
 525               	.LBB68:
 526               	.LBB69:
 527               	.LM83:
 528 018c 8C9A      		sbi 49-32,4
 529               	.LM84:
 530 018e 8D9A      		sbi 49-32,5
 531               	.LM85:
 532 0190 8E9A      		sbi 49-32,6
 533               	.LM86:
 534 0192 8F9A      		sbi 49-32,7
 535               	.LBE69:
 536               	.LBE68:
 537               	.LM87:
 538 0194 BA9A      		sbi 55-32,2
 539               	.LM88:
 540 0196 B89A      		sbi 55-32,0
 541               	.LM89:
 542 0198 B99A      		sbi 55-32,1
 543               	.LM90:
 544 019a C29A      		sbi 56-32,2
 545               	.LM91:
 546 019c C09A      		sbi 56-32,0
 547               	.LM92:
 548 019e C19A      		sbi 56-32,1
 549               	.LBB70:
 550               	.LBB71:
 551               	.LBB72:
 552               	.LBB73:
 553               	.LM93:
 554 01a0 80E0      		ldi r24,lo8(-24064)
 555 01a2 92EA      		ldi r25,hi8(-24064)
 556               	.LVL55:
 557               	/* #APP */
 558               	 ;  105 "c:/winavr-20100110/lib/gcc/../../avr/include/util/delay_basic.h" 1
 559 01a4 0197      		1: sbiw r24,1
 560 01a6 01F4      		brne 1b
 561               	 ;  0 "" 2
 562               	/* #NOAPP */
 563               	.LBE73:
 564               	.LBE72:
 565               	.LBE71:
 566               	.LBE70:
 567               	.LM94:
 568 01a8 C098      		cbi 56-32,0
 569               	.LM95:
 570 01aa C298      		cbi 56-32,2
 571               	.LM96:
 572 01ac C198      		cbi 56-32,1
 573               	.LM97:
 574 01ae C09A      		sbi 56-32,0
 575               	.LM98:
 576 01b0 83E0      		ldi r24,lo8(3)
 577               	.LVL56:
 578 01b2 00D0      		rcall lcd_sendHalf
 579               	.LM99:
 580 01b4 C098      		cbi 56-32,0
 581               	.LBB74:
 582               	.LBB75:
 583               	.LBB76:
 584               	.LBB77:
 585               	.LM100:
 586 01b6 87E4      		ldi r24,lo8(11335)
 587 01b8 9CE2      		ldi r25,hi8(11335)
 588               	.LVL57:
 589               	/* #APP */
 590               	 ;  105 "c:/winavr-20100110/lib/gcc/../../avr/include/util/delay_basic.h" 1
 591 01ba 0197      		1: sbiw r24,1
 592 01bc 01F4      		brne 1b
 593               	 ;  0 "" 2
 594               	/* #NOAPP */
 595               	.LBE77:
 596               	.LBE76:
 597               	.LBE75:
 598               	.LBE74:
 599               	.LM101:
 600 01be C09A      		sbi 56-32,0
 601               	.LM102:
 602 01c0 83E0      		ldi r24,lo8(3)
 603               	.LVL58:
 604 01c2 00D0      		rcall lcd_sendHalf
 605               	.LM103:
 606 01c4 C098      		cbi 56-32,0
 607               	.LBB78:
 608               	.LBB79:
 609               	.LBB80:
 610               	.LBB81:
 611               	.LBB82:
 612               	.LBB83:
 613               	.LM104:
 614 01c6 04E1      		ldi r16,lo8(276)
 615 01c8 11E0      		ldi r17,hi8(276)
 616 01ca C801      		movw r24,r16
 617               	.LVL59:
 618               	/* #APP */
 619               	 ;  105 "c:/winavr-20100110/lib/gcc/../../avr/include/util/delay_basic.h" 1
 620 01cc 0197      		1: sbiw r24,1
 621 01ce 01F4      		brne 1b
 622               	 ;  0 "" 2
 623               	/* #NOAPP */
 624               	.LBE83:
 625               	.LBE82:
 626               	.LBE81:
 627               	.LBE80:
 628               	.LBE79:
 629               	.LBE78:
 630               	.LM105:
 631 01d0 C09A      		sbi 56-32,0
 632               	.LM106:
 633 01d2 83E0      		ldi r24,lo8(3)
 634               	.LVL60:
 635 01d4 00D0      		rcall lcd_sendHalf
 636               	.LM107:
 637 01d6 C098      		cbi 56-32,0
 638               	.LBB84:
 639               	.LBB85:
 640               	.LBB86:
 641               	.LBB87:
 642               	.LBB88:
 643               	.LBB89:
 644               	.LM108:
 645 01d8 C801      		movw r24,r16
 646               	.LVL61:
 647               	/* #APP */
 648               	 ;  105 "c:/winavr-20100110/lib/gcc/../../avr/include/util/delay_basic.h" 1
 649 01da 0197      		1: sbiw r24,1
 650 01dc 01F4      		brne 1b
 651               	 ;  0 "" 2
 652               	/* #NOAPP */
 653               	.LBE89:
 654               	.LBE88:
 655               	.LBE87:
 656               	.LBE86:
 657               	.LBE85:
 658               	.LBE84:
 659               	.LM109:
 660 01de C09A      		sbi 56-32,0
 661               	.LM110:
 662 01e0 82E0      		ldi r24,lo8(2)
 663               	.LVL62:
 664 01e2 00D0      		rcall lcd_sendHalf
 665               	.LM111:
 666 01e4 C098      		cbi 56-32,0
 667               	.LBB90:
 668               	.LBB91:
 669               	.LBB92:
 670               	.LBB93:
 671               	.LBB94:
 672               	.LBB95:
 673               	.LM112:
 674 01e6 C801      		movw r24,r16
 675               	.LVL63:
 676               	/* #APP */
 677               	 ;  105 "c:/winavr-20100110/lib/gcc/../../avr/include/util/delay_basic.h" 1
 678 01e8 0197      		1: sbiw r24,1
 679 01ea 01F4      		brne 1b
 680               	 ;  0 "" 2
 681               	/* #NOAPP */
 682               	.LBE95:
 683               	.LBE94:
 684               	.LBE93:
 685               	.LBE92:
 686               	.LBE91:
 687               	.LBE90:
 688               	.LM113:
 689 01ec 88E2      		ldi r24,lo8(40)
 690               	.LVL64:
 691 01ee 00D0      		rcall lcd_write_cmd
 692               	.LM114:
 693 01f0 88E0      		ldi r24,lo8(8)
 694 01f2 00D0      		rcall lcd_write_cmd
 695               	.LM115:
 696 01f4 8CE0      		ldi r24,lo8(12)
 697 01f6 00D0      		rcall lcd_write_cmd
 698               	.LM116:
 699 01f8 86E0      		ldi r24,lo8(6)
 700 01fa 00D0      		rcall lcd_write_cmd
 701               	.LM117:
 702 01fc 00D0      		rcall lcd_cls
 703               	/* epilogue start */
 704               	.LM118:
 705 01fe 1F91      		pop r17
 706 0200 0F91      		pop r16
 707 0202 0895      		ret
 708               	.LFE25:
 710               	.global	lcd_defchar_E
 712               	lcd_defchar_E:
 713               	.LFB22:
 714               	.LM119:
 715               	.LVL65:
 716 0204 0F93      		push r16
 717 0206 1F93      		push r17
 718 0208 CF93      		push r28
 719 020a DF93      		push r29
 720               	/* prologue: function */
 721               	/* frame size = 0 */
 722 020c 8B01      		movw r16,r22
 723               	.LM120:
 724 020e 90E0      		ldi r25,lo8(0)
 725               	.LVL66:
 726 0210 8770      		andi r24,lo8(7)
 727 0212 9070      		andi r25,hi8(7)
 728               	.LVL67:
 729 0214 0896      		adiw r24,8
 730               	.LVL68:
 731 0216 880F      		lsl r24
 732 0218 880F      		lsl r24
 733 021a 880F      		lsl r24
 734               	.LVL69:
 735 021c 00D0      		rcall lcd_write_cmd
 736               	.LVL70:
 737 021e C0E0      		ldi r28,lo8(0)
 738 0220 D0E0      		ldi r29,hi8(0)
 739               	.L62:
 740               	.LM121:
 741 0222 C801      		movw r24,r16
 742 0224 8C0F      		add r24,r28
 743 0226 9D1F      		adc r25,r29
 744 0228 00D0      		rcall __eerd_byte_m8
 745               	.LM122:
 746 022a 00D0      		rcall lcd_write_data
 747 022c 2196      		adiw r28,1
 748               	.LM123:
 749 022e C830      		cpi r28,8
 750 0230 D105      		cpc r29,__zero_reg__
 751 0232 01F4      		brne .L62
 752               	/* epilogue start */
 753               	.LM124:
 754 0234 DF91      		pop r29
 755 0236 CF91      		pop r28
 756 0238 1F91      		pop r17
 757 023a 0F91      		pop r16
 758               	.LVL71:
 759 023c 0895      		ret
 760               	.LFE22:
 762               	.global	lcd_str_E
 764               	lcd_str_E:
 765               	.LFB18:
 766               	.LM125:
 767               	.LVL72:
 768 023e CF93      		push r28
 769 0240 DF93      		push r29
 770               	/* prologue: function */
 771               	/* frame size = 0 */
 772               	.LVL73:
 773               	.L68:
 774               	.LM126:
 775 0242 EC01      		movw r28,r24
 776 0244 2196      		adiw r28,1
 777               	.LVL74:
 778 0246 00D0      		rcall __eerd_byte_m8
 779 0248 982F      		mov r25,r24
 780               	.LVL75:
 781               	.LM127:
 782 024a 8150      		subi r24,lo8(-(-1))
 783 024c 8E3F      		cpi r24,lo8(-2)
 784 024e 00F4      		brsh .L69
 785               	.LM128:
 786 0250 8F57      		subi r24,lo8(-(-127))
 787 0252 8830      		cpi r24,lo8(8)
 788 0254 00F4      		brsh .L67
 789 0256 9770      		andi r25,lo8(7)
 790               	.L67:
 791 0258 892F      		mov r24,r25
 792 025a 00D0      		rcall lcd_write_data
 793               	.LVL76:
 794 025c CE01      		movw r24,r28
 795 025e 00C0      		rjmp .L68
 796               	.LVL77:
 797               	.L69:
 798               	/* epilogue start */
 799               	.LM129:
 800 0260 DF91      		pop r29
 801 0262 CF91      		pop r28
 802               	.LVL78:
 803 0264 0895      		ret
 804               	.LFE18:
 806               	.global	lcd_int
 808               	lcd_int:
 809               	.LFB19:
 810               	.LM130:
 811               	.LVL79:
 812 0266 DF93      		push r29
 813 0268 CF93      		push r28
 814 026a CDB7      		in r28,__SP_L__
 815 026c DEB7      		in r29,__SP_H__
 816 026e 6197      		sbiw r28,17
 817 0270 0FB6      		in __tmp_reg__,__SREG__
 818 0272 F894      		cli
 819 0274 DEBF      		out __SP_H__,r29
 820 0276 0FBE      		out __SREG__,__tmp_reg__
 821 0278 CDBF      		out __SP_L__,r28
 822               	/* prologue: function */
 823               	/* frame size = 17 */
 824               	.LM131:
 825 027a BE01      		movw r22,r28
 826 027c 6F5F      		subi r22,lo8(-(1))
 827 027e 7F4F      		sbci r23,hi8(-(1))
 828 0280 4AE0      		ldi r20,lo8(10)
 829 0282 50E0      		ldi r21,hi8(10)
 830 0284 00D0      		rcall itoa
 831               	.LVL80:
 832 0286 00D0      		rcall lcd_str
 833               	/* epilogue start */
 834               	.LM132:
 835 0288 6196      		adiw r28,17
 836 028a 0FB6      		in __tmp_reg__,__SREG__
 837 028c F894      		cli
 838 028e DEBF      		out __SP_H__,r29
 839 0290 0FBE      		out __SREG__,__tmp_reg__
 840 0292 CDBF      		out __SP_L__,r28
 841 0294 CF91      		pop r28
 842 0296 DF91      		pop r29
 843 0298 0895      		ret
 844               	.LFE19:
 1006               	.Letext0:
DEFINED SYMBOLS
                            *ABS*:00000000 lcd44780.c
C:\DOCUME~1\PROGRA~1\USTAWI~1\Temp/ccDhGACk.s:2      *ABS*:0000003f __SREG__
C:\DOCUME~1\PROGRA~1\USTAWI~1\Temp/ccDhGACk.s:3      *ABS*:0000003e __SP_H__
C:\DOCUME~1\PROGRA~1\USTAWI~1\Temp/ccDhGACk.s:4      *ABS*:0000003d __SP_L__
C:\DOCUME~1\PROGRA~1\USTAWI~1\Temp/ccDhGACk.s:5      *ABS*:00000034 __CCP__
C:\DOCUME~1\PROGRA~1\USTAWI~1\Temp/ccDhGACk.s:6      *ABS*:00000000 __tmp_reg__
C:\DOCUME~1\PROGRA~1\USTAWI~1\Temp/ccDhGACk.s:7      *ABS*:00000001 __zero_reg__
C:\DOCUME~1\PROGRA~1\USTAWI~1\Temp/ccDhGACk.s:17     .text:00000000 lcd_sendHalf
C:\DOCUME~1\PROGRA~1\USTAWI~1\Temp/ccDhGACk.s:59     .text:0000002a lcd_readHalf
C:\DOCUME~1\PROGRA~1\USTAWI~1\Temp/ccDhGACk.s:89     .text:00000040 _lcd_read_byte
C:\DOCUME~1\PROGRA~1\USTAWI~1\Temp/ccDhGACk.s:135    .text:00000064 check_BF
C:\DOCUME~1\PROGRA~1\USTAWI~1\Temp/ccDhGACk.s:151    .text:0000006a _lcd_write_byte
C:\DOCUME~1\PROGRA~1\USTAWI~1\Temp/ccDhGACk.s:203    .text:00000094 lcd_write_cmd
C:\DOCUME~1\PROGRA~1\USTAWI~1\Temp/ccDhGACk.s:221    .text:0000009a lcd_write_data
C:\DOCUME~1\PROGRA~1\USTAWI~1\Temp/ccDhGACk.s:239    .text:000000a0 lcd_char
C:\DOCUME~1\PROGRA~1\USTAWI~1\Temp/ccDhGACk.s:263    .text:000000b0 lcd_str
C:\DOCUME~1\PROGRA~1\USTAWI~1\Temp/ccDhGACk.s:301    .text:000000d2 lcd_str_P
C:\DOCUME~1\PROGRA~1\USTAWI~1\Temp/ccDhGACk.s:355    .text:000000fc lcd_defchar
C:\DOCUME~1\PROGRA~1\USTAWI~1\Temp/ccDhGACk.s:401    .text:00000128 lcd_defchar_P
C:\DOCUME~1\PROGRA~1\USTAWI~1\Temp/ccDhGACk.s:463    .text:00000164 lcd_locate
C:\DOCUME~1\PROGRA~1\USTAWI~1\Temp/ccDhGACk.s:503    .text:00000182 lcd_cls
C:\DOCUME~1\PROGRA~1\USTAWI~1\Temp/ccDhGACk.s:518    .text:00000188 lcd_init
C:\DOCUME~1\PROGRA~1\USTAWI~1\Temp/ccDhGACk.s:712    .text:00000204 lcd_defchar_E
C:\DOCUME~1\PROGRA~1\USTAWI~1\Temp/ccDhGACk.s:764    .text:0000023e lcd_str_E
C:\DOCUME~1\PROGRA~1\USTAWI~1\Temp/ccDhGACk.s:808    .text:00000266 lcd_int

UNDEFINED SYMBOLS
__eerd_byte_m8
itoa
