c:\users\adi\documents\visual studio 2013\projects\sterowniksp-01\sterowniksp-01\debug\vc120.pdb
c:\users\adi\documents\visual studio 2013\projects\sterowniksp-01\sterowniksp-01\debug\myform4.obj
c:\users\adi\documents\visual studio 2013\projects\sterowniksp-01\sterowniksp-01\debug\myform3.obj
c:\users\adi\documents\visual studio 2013\projects\sterowniksp-01\sterowniksp-01\debug\myform2.obj
c:\users\adi\documents\visual studio 2013\projects\sterowniksp-01\sterowniksp-01\debug\myform1.obj
c:\users\adi\documents\visual studio 2013\projects\sterowniksp-01\sterowniksp-01\debug\myform.obj
c:\users\adi\documents\visual studio 2013\projects\sterowniksp-01\sterowniksp-01\debug\.netframework,version=v4.5.assemblyattributes.obj
c:\users\adi\documents\visual studio 2013\projects\sterowniksp-01\debug\sterowniksp-01.exe
c:\users\adi\documents\visual studio 2013\projects\sterowniksp-01\debug\sterowniksp-01.pdb
c:\users\adi\documents\visual studio 2013\projects\sterowniksp-01\sterowniksp-01\debug\sterowniksp01.myform1.resources
c:\users\adi\documents\visual studio 2013\projects\sterowniksp-01\sterowniksp-01\debug\sterowniksp01.myform.resources
c:\users\adi\documents\visual studio 2013\projects\sterowniksp-01\sterowniksp-01\debug\sterowniksp-01.vcxproj.generateresource.cache
c:\users\adi\documents\visual studio 2013\projects\sterowniksp-01\sterowniksp-01\debug\sterowniksp-01.tlog\cl.command.1.tlog
c:\users\adi\documents\visual studio 2013\projects\sterowniksp-01\sterowniksp-01\debug\sterowniksp-01.tlog\cl.read.1.tlog
c:\users\adi\documents\visual studio 2013\projects\sterowniksp-01\sterowniksp-01\debug\sterowniksp-01.tlog\cl.write.1.tlog
c:\users\adi\documents\visual studio 2013\projects\sterowniksp-01\sterowniksp-01\debug\sterowniksp-01.tlog\link.command.1.tlog
c:\users\adi\documents\visual studio 2013\projects\sterowniksp-01\sterowniksp-01\debug\sterowniksp-01.tlog\link.read.1.tlog
c:\users\adi\documents\visual studio 2013\projects\sterowniksp-01\sterowniksp-01\debug\sterowniksp-01.tlog\link.write.1.tlog
c:\users\adi\documents\visual studio 2013\projects\sterowniksp-01\sterowniksp-01\debug\sterowniksp-01.tlog\metagen.read.1.tlog
c:\users\adi\documents\visual studio 2013\projects\sterowniksp-01\sterowniksp-01\debug\sterowniksp-01.tlog\metagen.write.1.tlog
c:\users\adi\documents\visual studio 2013\projects\sterowniksp-01\sterowniksp-01\debug\sterowniksp-01.tlog\sterowniksp-01.write.1u.tlog
c:\users\adi\documents\visual studio 2013\projects\sterowniksp-01\sterowniksp-01\debug\sterowniksp-01.tlog\tzres.dll.bi
