c:\users\adi\documents\visual studio 2013\projects\sterowniksp-01\sterowniksp-01\release\vc120.pdb
c:\users\adi\documents\visual studio 2013\projects\sterowniksp-01\sterowniksp-01\release\common.obj
c:\users\adi\documents\visual studio 2013\projects\sterowniksp-01\sterowniksp-01\release\myform4.obj
c:\users\adi\documents\visual studio 2013\projects\sterowniksp-01\sterowniksp-01\release\myform3.obj
c:\users\adi\documents\visual studio 2013\projects\sterowniksp-01\sterowniksp-01\release\myform2.obj
c:\users\adi\documents\visual studio 2013\projects\sterowniksp-01\sterowniksp-01\release\myform1.obj
c:\users\adi\documents\visual studio 2013\projects\sterowniksp-01\sterowniksp-01\release\myform.obj
c:\users\adi\documents\visual studio 2013\projects\sterowniksp-01\sterowniksp-01\release\.netframework,version=v4.0.assemblyattributes.obj
c:\users\adi\documents\visual studio 2013\projects\sterowniksp-01\release\sterowniksp-01.exe
c:\users\adi\documents\visual studio 2013\projects\sterowniksp-01\release\sterowniksp-01.pdb
c:\users\adi\documents\visual studio 2013\projects\sterowniksp-01\sterowniksp-01\release\sterowniksp-01.res
c:\users\adi\documents\visual studio 2013\projects\sterowniksp-01\sterowniksp-01\release\sterowniksp01.myform.resources
c:\users\adi\documents\visual studio 2013\projects\sterowniksp-01\sterowniksp-01\release\sterowniksp01.myform1.resources
c:\users\adi\documents\visual studio 2013\projects\sterowniksp-01\sterowniksp-01\release\sterowniksp01.myform2.resources
c:\users\adi\documents\visual studio 2013\projects\sterowniksp-01\sterowniksp-01\release\sterowniksp01.myform3.resources
c:\users\adi\documents\visual studio 2013\projects\sterowniksp-01\sterowniksp-01\release\sterowniksp01.myform4.resources
c:\users\adi\documents\visual studio 2013\projects\sterowniksp-01\sterowniksp-01\release\sterowniksp-01.vcxproj.generateresource.cache
c:\users\adi\documents\visual studio 2013\projects\sterowniksp-01\sterowniksp-01\release\sterowniksp-01.vcxprojresolveassemblyreference.cache
c:\users\adi\documents\visual studio 2013\projects\sterowniksp-01\sterowniksp-01\release\.netframework,version=v4.5.assemblyattributes.obj
c:\users\adi\documents\visual studio 2013\projects\sterowniksp-01\sterowniksp-01\release\sterowniksp-01.tlog\cl.command.1.tlog
c:\users\adi\documents\visual studio 2013\projects\sterowniksp-01\sterowniksp-01\release\sterowniksp-01.tlog\cl.read.1.tlog
c:\users\adi\documents\visual studio 2013\projects\sterowniksp-01\sterowniksp-01\release\sterowniksp-01.tlog\cl.write.1.tlog
c:\users\adi\documents\visual studio 2013\projects\sterowniksp-01\sterowniksp-01\release\sterowniksp-01.tlog\link.command.1.tlog
c:\users\adi\documents\visual studio 2013\projects\sterowniksp-01\sterowniksp-01\release\sterowniksp-01.tlog\link.read.1.tlog
c:\users\adi\documents\visual studio 2013\projects\sterowniksp-01\sterowniksp-01\release\sterowniksp-01.tlog\link.write.1.tlog
c:\users\adi\documents\visual studio 2013\projects\sterowniksp-01\sterowniksp-01\release\sterowniksp-01.tlog\metagen.read.1.tlog
c:\users\adi\documents\visual studio 2013\projects\sterowniksp-01\sterowniksp-01\release\sterowniksp-01.tlog\metagen.write.1.tlog
c:\users\adi\documents\visual studio 2013\projects\sterowniksp-01\sterowniksp-01\release\sterowniksp-01.tlog\rc.command.1.tlog
c:\users\adi\documents\visual studio 2013\projects\sterowniksp-01\sterowniksp-01\release\sterowniksp-01.tlog\rc.read.1.tlog
c:\users\adi\documents\visual studio 2013\projects\sterowniksp-01\sterowniksp-01\release\sterowniksp-01.tlog\rc.write.1.tlog
c:\users\adi\documents\visual studio 2013\projects\sterowniksp-01\sterowniksp-01\release\sterowniksp-01.tlog\sterowniksp-01.write.1u.tlog
c:\users\adi\documents\visual studio 2013\projects\sterowniksp-01\sterowniksp-01\release\sterowniksp-01.tlog\system.data.dll.metagen
c:\users\adi\documents\visual studio 2013\projects\sterowniksp-01\sterowniksp-01\release\sterowniksp-01.tlog\system.dll.metagen
c:\users\adi\documents\visual studio 2013\projects\sterowniksp-01\sterowniksp-01\release\sterowniksp-01.tlog\system.drawing.dll.metagen
c:\users\adi\documents\visual studio 2013\projects\sterowniksp-01\sterowniksp-01\release\sterowniksp-01.tlog\system.windows.forms.dll.metagen
c:\users\adi\documents\visual studio 2013\projects\sterowniksp-01\sterowniksp-01\release\sterowniksp-01.tlog\system.xml.dll.metagen
c:\users\adi\documents\visual studio 2013\projects\sterowniksp-01\sterowniksp-01\release\sterowniksp-01.tlog\rsaenh.dll.bi
c:\users\adi\documents\visual studio 2013\projects\sterowniksp-01\sterowniksp-01\release\sterowniksp-01.tlog\tzres.dll.bi
