d:\projekty\sterowniksp-01\sterowniksp-01\release\vc120.pdb
d:\projekty\sterowniksp-01\sterowniksp-01\release\myform4.obj
d:\projekty\sterowniksp-01\sterowniksp-01\release\myform3.obj
d:\projekty\sterowniksp-01\sterowniksp-01\release\myform2.obj
d:\projekty\sterowniksp-01\sterowniksp-01\release\common.obj
d:\projekty\sterowniksp-01\sterowniksp-01\release\myform.obj
d:\projekty\sterowniksp-01\sterowniksp-01\release\.netframework,version=v4.0.assemblyattributes.obj
d:\projekty\sterowniksp-01\release\sterowniksp-01.exe
d:\projekty\sterowniksp-01\release\sterowniksp-01.pdb
d:\projekty\sterowniksp-01\sterowniksp-01\release\sterowniksp-01.res
d:\projekty\sterowniksp-01\sterowniksp-01\release\sterowniksp01.myform.resources
d:\projekty\sterowniksp-01\sterowniksp-01\release\sterowniksp01.myform2.resources
d:\projekty\sterowniksp-01\sterowniksp-01\release\sterowniksp01.myform3.resources
d:\projekty\sterowniksp-01\sterowniksp-01\release\sterowniksp01.myform4.resources
d:\projekty\sterowniksp-01\sterowniksp-01\release\sterowniksp-01.vcxproj.generateresource.cache
d:\projekty\sterowniksp-01\sterowniksp-01\release\sterowniksp-01.tlog\cl.command.1.tlog
d:\projekty\sterowniksp-01\sterowniksp-01\release\sterowniksp-01.tlog\cl.read.1.tlog
d:\projekty\sterowniksp-01\sterowniksp-01\release\sterowniksp-01.tlog\cl.write.1.tlog
d:\projekty\sterowniksp-01\sterowniksp-01\release\sterowniksp-01.tlog\link.command.1.tlog
d:\projekty\sterowniksp-01\sterowniksp-01\release\sterowniksp-01.tlog\link.read.1.tlog
d:\projekty\sterowniksp-01\sterowniksp-01\release\sterowniksp-01.tlog\link.write.1.tlog
d:\projekty\sterowniksp-01\sterowniksp-01\release\sterowniksp-01.tlog\metagen.read.1.tlog
d:\projekty\sterowniksp-01\sterowniksp-01\release\sterowniksp-01.tlog\metagen.write.1.tlog
d:\projekty\sterowniksp-01\sterowniksp-01\release\sterowniksp-01.tlog\rc.command.1.tlog
d:\projekty\sterowniksp-01\sterowniksp-01\release\sterowniksp-01.tlog\rc.read.1.tlog
d:\projekty\sterowniksp-01\sterowniksp-01\release\sterowniksp-01.tlog\rc.write.1.tlog
d:\projekty\sterowniksp-01\sterowniksp-01\release\sterowniksp-01.tlog\sterowniksp-01.write.1u.tlog
d:\projekty\sterowniksp-01\sterowniksp-01\release\sterowniksp-01.tlog\rsaenh.dll.bi
d:\projekty\sterowniksp-01\sterowniksp-01\release\sterowniksp-01.tlog\tzres.dll.bi
